2019-03-08 11:28:50,168 [INFO] from play.api.db.DefaultDBApi in play-dev-mode-akka.actor.default-dispatcher-4 - Database [default] initialized at jdbc:h2:file:./data/productsDB
2019-03-08 11:28:50,181 [INFO] from application in play-dev-mode-akka.actor.default-dispatcher-4 - Creating Pool for datasource 'default'
2019-03-08 11:28:52,779 [INFO] from application in play-dev-mode-akka.actor.default-dispatcher-4 - ApplicationTimer demo: Starting application at 2019-03-08T11:28:52.778Z
2019-03-08 11:28:53,366 [INFO] from play.api.http.EnabledFilters in play-dev-mode-akka.actor.default-dispatcher-4 - Enabled Filters (see <https://www.playframework.com/documentation/latest/Filters>):

    play.filters.csrf.CSRFFilter
    play.filters.headers.SecurityHeadersFilter
    play.filters.hosts.AllowedHostsFilter
    filters.ExampleFilter

2019-03-08 11:28:53,870 [INFO] from play.api.Play in play-dev-mode-akka.actor.default-dispatcher-4 - Application started (Dev)
2019-03-08 11:37:45,381 [INFO] from application in application-akka.actor.default-dispatcher-10 - ApplicationTimer demo: Stopping application at 2019-03-08T11:37:45.380Z after 533s.
2019-03-08 11:37:45,386 [INFO] from application in application-akka.actor.default-dispatcher-10 - Shutting down connection pool.
2019-03-08 11:37:45,802 [INFO] from play.api.db.DefaultDBApi in play-dev-mode-akka.actor.default-dispatcher-18 - Database [default] initialized at jdbc:h2:file:./data/productsDB
2019-03-08 11:37:45,802 [INFO] from application in play-dev-mode-akka.actor.default-dispatcher-18 - Creating Pool for datasource 'default'
2019-03-08 11:37:45,935 [INFO] from application in play-dev-mode-akka.actor.default-dispatcher-18 - ApplicationTimer demo: Starting application at 2019-03-08T11:37:45.935Z
2019-03-08 11:37:46,083 [INFO] from play.api.http.EnabledFilters in play-dev-mode-akka.actor.default-dispatcher-18 - Enabled Filters (see <https://www.playframework.com/documentation/latest/Filters>):

    play.filters.csrf.CSRFFilter
    play.filters.headers.SecurityHeadersFilter
    play.filters.hosts.AllowedHostsFilter
    filters.ExampleFilter

2019-03-08 11:37:46,102 [INFO] from play.api.Play in play-dev-mode-akka.actor.default-dispatcher-18 - Application started (Dev)
2019-03-08 11:43:22,878 [INFO] from application in application-akka.actor.default-dispatcher-8 - ApplicationTimer demo: Stopping application at 2019-03-08T11:43:22.878Z after 337s.
2019-03-08 11:43:22,878 [INFO] from application in application-akka.actor.default-dispatcher-8 - Shutting down connection pool.
2019-03-08 11:43:23,229 [INFO] from play.api.db.DefaultDBApi in play-dev-mode-akka.actor.default-dispatcher-26 - Database [default] initialized at jdbc:h2:file:./data/productsDB
2019-03-08 11:43:23,230 [INFO] from application in play-dev-mode-akka.actor.default-dispatcher-26 - Creating Pool for datasource 'default'
2019-03-08 11:43:23,319 [INFO] from application in play-dev-mode-akka.actor.default-dispatcher-26 - ApplicationTimer demo: Starting application at 2019-03-08T11:43:23.319Z
2019-03-08 11:43:23,443 [INFO] from play.api.http.EnabledFilters in play-dev-mode-akka.actor.default-dispatcher-26 - Enabled Filters (see <https://www.playframework.com/documentation/latest/Filters>):

    play.filters.csrf.CSRFFilter
    play.filters.headers.SecurityHeadersFilter
    play.filters.hosts.AllowedHostsFilter
    filters.ExampleFilter

2019-03-08 11:43:23,458 [INFO] from play.api.Play in play-dev-mode-akka.actor.default-dispatcher-26 - Application started (Dev)
2019-03-08 11:47:03,497 [INFO] from application in application-akka.actor.default-dispatcher-5 - ApplicationTimer demo: Stopping application at 2019-03-08T11:47:03.497Z after 220s.
2019-03-08 11:47:03,498 [INFO] from application in application-akka.actor.default-dispatcher-5 - Shutting down connection pool.
2019-03-08 11:47:03,865 [INFO] from play.api.db.DefaultDBApi in play-dev-mode-akka.actor.default-dispatcher-27 - Database [default] initialized at jdbc:h2:file:./data/productsDB
2019-03-08 11:47:03,865 [INFO] from application in play-dev-mode-akka.actor.default-dispatcher-27 - Creating Pool for datasource 'default'
2019-03-08 11:47:03,970 [INFO] from application in play-dev-mode-akka.actor.default-dispatcher-27 - ApplicationTimer demo: Starting application at 2019-03-08T11:47:03.970Z
2019-03-08 11:47:04,090 [INFO] from play.api.http.EnabledFilters in play-dev-mode-akka.actor.default-dispatcher-27 - Enabled Filters (see <https://www.playframework.com/documentation/latest/Filters>):

    play.filters.csrf.CSRFFilter
    play.filters.headers.SecurityHeadersFilter
    play.filters.hosts.AllowedHostsFilter
    filters.ExampleFilter

2019-03-08 11:47:04,103 [INFO] from play.api.Play in play-dev-mode-akka.actor.default-dispatcher-27 - Application started (Dev)
2019-03-08 11:50:03,586 [INFO] from application in application-akka.actor.default-dispatcher-12 - ApplicationTimer demo: Stopping application at 2019-03-08T11:50:03.586Z after 180s.
2019-03-08 11:50:03,586 [INFO] from application in application-akka.actor.default-dispatcher-12 - Shutting down connection pool.
2019-03-08 11:50:03,925 [INFO] from play.api.db.DefaultDBApi in play-dev-mode-akka.actor.default-dispatcher-32 - Database [default] initialized at jdbc:h2:file:./data/productsDB
2019-03-08 11:50:03,927 [INFO] from application in play-dev-mode-akka.actor.default-dispatcher-32 - Creating Pool for datasource 'default'
2019-03-08 11:50:04,032 [INFO] from application in play-dev-mode-akka.actor.default-dispatcher-32 - ApplicationTimer demo: Starting application at 2019-03-08T11:50:04.032Z
2019-03-08 11:50:04,170 [INFO] from play.api.http.EnabledFilters in play-dev-mode-akka.actor.default-dispatcher-32 - Enabled Filters (see <https://www.playframework.com/documentation/latest/Filters>):

    play.filters.csrf.CSRFFilter
    play.filters.headers.SecurityHeadersFilter
    play.filters.hosts.AllowedHostsFilter
    filters.ExampleFilter

2019-03-08 11:50:04,186 [INFO] from play.api.Play in play-dev-mode-akka.actor.default-dispatcher-32 - Application started (Dev)
2019-03-08 11:54:34,300 [INFO] from application in application-akka.actor.default-dispatcher-8 - ApplicationTimer demo: Stopping application at 2019-03-08T11:54:34.300Z after 270s.
2019-03-08 11:54:34,301 [INFO] from application in application-akka.actor.default-dispatcher-8 - Shutting down connection pool.
2019-03-08 11:54:34,610 [INFO] from play.api.db.DefaultDBApi in play-dev-mode-akka.actor.default-dispatcher-45 - Database [default] initialized at jdbc:h2:file:./data/productsDB
2019-03-08 11:54:34,610 [INFO] from application in play-dev-mode-akka.actor.default-dispatcher-45 - Creating Pool for datasource 'default'
2019-03-08 11:54:34,710 [INFO] from application in play-dev-mode-akka.actor.default-dispatcher-45 - ApplicationTimer demo: Starting application at 2019-03-08T11:54:34.710Z
2019-03-08 11:54:34,852 [INFO] from play.api.http.EnabledFilters in play-dev-mode-akka.actor.default-dispatcher-45 - Enabled Filters (see <https://www.playframework.com/documentation/latest/Filters>):

    play.filters.csrf.CSRFFilter
    play.filters.headers.SecurityHeadersFilter
    play.filters.hosts.AllowedHostsFilter
    filters.ExampleFilter

2019-03-08 11:54:34,869 [INFO] from play.api.Play in play-dev-mode-akka.actor.default-dispatcher-45 - Application started (Dev)
2019-03-08 11:55:53,624 [INFO] from application in application-akka.actor.default-dispatcher-8 - ApplicationTimer demo: Stopping application at 2019-03-08T11:55:53.624Z after 79s.
2019-03-08 11:55:53,624 [INFO] from application in application-akka.actor.default-dispatcher-8 - Shutting down connection pool.
2019-03-08 11:55:54,006 [INFO] from play.api.db.DefaultDBApi in play-dev-mode-akka.actor.default-dispatcher-40 - Database [default] initialized at jdbc:h2:file:./data/productsDB
2019-03-08 11:55:54,007 [INFO] from application in play-dev-mode-akka.actor.default-dispatcher-40 - Creating Pool for datasource 'default'
2019-03-08 11:55:54,112 [INFO] from application in play-dev-mode-akka.actor.default-dispatcher-40 - ApplicationTimer demo: Starting application at 2019-03-08T11:55:54.112Z
2019-03-08 11:55:54,225 [INFO] from play.api.http.EnabledFilters in play-dev-mode-akka.actor.default-dispatcher-40 - Enabled Filters (see <https://www.playframework.com/documentation/latest/Filters>):

    play.filters.csrf.CSRFFilter
    play.filters.headers.SecurityHeadersFilter
    play.filters.hosts.AllowedHostsFilter
    filters.ExampleFilter

2019-03-08 11:55:54,238 [INFO] from play.api.Play in play-dev-mode-akka.actor.default-dispatcher-40 - Application started (Dev)
2019-03-08 11:57:50,365 [INFO] from application in application-akka.actor.default-dispatcher-9 - ApplicationTimer demo: Stopping application at 2019-03-08T11:57:50.365Z after 116s.
2019-03-08 11:57:50,366 [INFO] from application in application-akka.actor.default-dispatcher-9 - Shutting down connection pool.
2019-03-08 11:57:50,668 [INFO] from play.api.db.DefaultDBApi in play-dev-mode-akka.actor.default-dispatcher-50 - Database [default] initialized at jdbc:h2:file:./data/productsDB
2019-03-08 11:57:50,669 [INFO] from application in play-dev-mode-akka.actor.default-dispatcher-50 - Creating Pool for datasource 'default'
2019-03-08 11:57:50,763 [INFO] from application in play-dev-mode-akka.actor.default-dispatcher-50 - ApplicationTimer demo: Starting application at 2019-03-08T11:57:50.763Z
2019-03-08 11:57:50,884 [INFO] from play.api.http.EnabledFilters in play-dev-mode-akka.actor.default-dispatcher-50 - Enabled Filters (see <https://www.playframework.com/documentation/latest/Filters>):

    play.filters.csrf.CSRFFilter
    play.filters.headers.SecurityHeadersFilter
    play.filters.hosts.AllowedHostsFilter
    filters.ExampleFilter

2019-03-08 11:57:50,896 [INFO] from play.api.Play in play-dev-mode-akka.actor.default-dispatcher-50 - Application started (Dev)
2019-03-08 12:08:01,375 [INFO] from play.core.server.AkkaHttpServer in pool-7-thread-4 - Stopping server...
2019-03-08 12:08:07,323 [INFO] from application in application-akka.actor.default-dispatcher-6 - ApplicationTimer demo: Stopping application at 2019-03-08T12:08:07.323Z after 617s.
2019-03-08 12:08:07,324 [INFO] from application in application-akka.actor.default-dispatcher-6 - Shutting down connection pool.
2019-03-08 12:08:07,628 [INFO] from play.api.db.DefaultDBApi in pool-7-thread-4 - Database [default] initialized at jdbc:h2:file:./data/productsDB
2019-03-08 12:08:07,628 [INFO] from application in pool-7-thread-4 - Creating Pool for datasource 'default'
2019-03-08 12:08:07,720 [INFO] from application in pool-7-thread-4 - ApplicationTimer demo: Starting application at 2019-03-08T12:08:07.720Z
2019-03-08 12:08:07,817 [INFO] from play.api.http.EnabledFilters in pool-7-thread-4 - Enabled Filters (see <https://www.playframework.com/documentation/latest/Filters>):

    play.filters.csrf.CSRFFilter
    play.filters.headers.SecurityHeadersFilter
    play.filters.hosts.AllowedHostsFilter
    filters.ExampleFilter

2019-03-08 12:08:07,825 [INFO] from play.api.Play in pool-7-thread-4 - Application started (Dev)
2019-03-08 12:08:07,851 [INFO] from application in application-akka.actor.default-dispatcher-2 - ApplicationTimer demo: Stopping application at 2019-03-08T12:08:07.851Z after 0s.
2019-03-08 12:08:07,851 [INFO] from application in application-akka.actor.default-dispatcher-2 - Shutting down connection pool.
